<?xml version="1.0" encoding="UTF-8"?>
<!-- Generated by org.testng.reporters.JUnitReportReporter -->
<testsuite skipped="0" hostname="PC327537" name="services.ServicesDetails" tests="2" failures="0" timestamp="27 Jan 2020 11:27:30 GMT" time="0.823" errors="0">
  <testcase name="postData" time="0.614" classname="services.ServicesDetails"/>
  <testcase name="patchData" time="0.209" classname="services.ServicesDetails"/>
</testsuite> <!-- services.ServicesDetails -->
