<?xml version="1.0" encoding="UTF-8"?>
<!-- Generated by org.testng.reporters.JUnitReportReporter -->
<testsuite skipped="0" hostname="PC327537" name="step2Methods.CreateProduct" tests="1" failures="0" timestamp="21 Jan 2020 13:51:07 GMT" time="2.099" errors="0">
  <testcase name="productCreation" time="2.099" classname="step2Methods.CreateProduct"/>
</testsuite> <!-- step2Methods.CreateProduct -->
