<?xml version="1.0" encoding="UTF-8"?>
<!-- Generated by org.testng.reporters.JUnitReportReporter -->
<testsuite skipped="0" hostname="PC327537" name="products.patchProductId" tests="1" failures="0" timestamp="21 Jan 2020 12:06:17 GMT" time="2.128" errors="0">
  <testcase name="updateProductID" time="2.128" classname="products.patchProductId"/>
</testsuite> <!-- products.patchProductId -->
