<?xml version="1.0" encoding="UTF-8"?>
<!-- Generated by org.testng.reporters.JUnitReportReporter -->
<testsuite skipped="0" hostname="PC327537" name="step2Methods.PostMethod" tests="1" failures="0" timestamp="14 Jan 2020 14:13:13 GMT" time="2.561" errors="0">
  <testcase name="postStep2Method" time="2.561" classname="step2Methods.PostMethod"/>
</testsuite> <!-- step2Methods.PostMethod -->
