<?xml version="1.0" encoding="UTF-8"?>
<!-- Generated by org.testng.reporters.JUnitReportReporter -->
<testsuite skipped="0" hostname="PC327537" name="products.getProductId" tests="1" failures="0" timestamp="21 Jan 2020 10:41:37 GMT" time="1.445" errors="0">
  <testcase name="getProductLists" time="1.445" classname="products.getProductId"/>
</testsuite> <!-- products.getProductId -->
