<?xml version="1.0" encoding="UTF-8"?>
<!-- Generated by org.testng.reporters.JUnitReportReporter -->
<testsuite skipped="0" hostname="PC327537" name="stores.StoresDetails" tests="4" failures="0" timestamp="24 Jan 2020 16:02:32 GMT" time="2.853" errors="0">
  <testcase name="getDetails" time="1.411" classname="stores.StoresDetails"/>
  <testcase name="postDetails" time="1.056" classname="stores.StoresDetails"/>
  <testcase name="patchDetailsProduct" time="0.201" classname="stores.StoresDetails"/>
  <testcase name="deleteDetailsProduct" time="0.185" classname="stores.StoresDetails"/>
</testsuite> <!-- stores.StoresDetails -->
