<?xml version="1.0" encoding="UTF-8"?>
<!-- Generated by org.testng.reporters.JUnitReportReporter -->
<testsuite skipped="0" hostname="PC327537" name="products.deleteProductId" tests="1" failures="0" timestamp="21 Jan 2020 13:18:42 GMT" time="1.655" errors="0">
  <testcase name="deleteProduct" time="1.655" classname="products.deleteProductId"/>
</testsuite> <!-- products.deleteProductId -->
