<?xml version="1.0" encoding="UTF-8"?>
<!-- Generated by org.testng.reporters.JUnitReportReporter -->
<testsuite skipped="0" hostname="PC327537" name="products.getProductDetails" tests="1" failures="0" timestamp="17 Jan 2020 10:14:01 GMT" time="1.635" errors="0">
  <testcase name="getProductLists" time="1.635" classname="products.getProductDetails"/>
</testsuite> <!-- products.getProductDetails -->
